
Ganador: Tefa
Categoría: ciencia
Puntajes:
- Tefa: 20
---
Ganador: Tefa
Categoría: historia
Puntajes:
- Tefa: 0
---
Ganador: Tefa
Categoría: ciencia
Puntajes:
- Tefa: 0
---
Ganador: Tefa
Categoría: ciencia
Puntajes:
- Tefa: 0
---
Ganador: Tefa
Categoría: ciencia
Puntajes:
- Tefa: 25
---
Ganador: Tefa
Categoría: historia
Puntajes:
- Tefa: -15
---
Ganador: Lau
Categoría: tecnologia
Puntajes:
- Lau: -15
---
Ganador: Gloria
Categoría: deportes
Puntajes:
- Gloria: -15
---
Ganador: Tefa
Categoría: deportes
Puntajes:
- Tefa: -20
---
Ganador: Tefa
Categoría: deportes
Puntajes:
- Tefa: -10
---
Ganador: Jorge
Categoría: deportes
Puntajes:
- Jorge: 10
---
Ganador: Luis
Categoría: deportes
Puntajes:
- Luis: -10
---
Ganador: Tefa
Categoría: deportes
Puntajes:
- Tefa: -10
---
Ganador: Tefa
Categoría: ciencia
Puntajes:
- Tefa: 5
---
